Build started 6/14/2016 8:23:23 PM.
     1>Project "C:\Users\Oran\Desktop\ConsoleForm\ConsoleForm.vcxproj" on node 2 (Build target(s)).
     1>ClCompile:
         C:\Program Files (x86)\Microsoft Visual Studio 12.0\VC\bin\CL.exe /c /ZI /nologo /W3 /WX- /sdl /Od /Oy- /D WIN32 /D _DEBUG /D _CONSOLE /D _LIB /D _UNICODE /D UNICODE /Gm /EHsc /RTC1 /MDd /GS /fp:precise /Zc:wchar_t /Zc:forScope /Fo"Debug\\" /Fd"Debug\vc120.pdb" /Gd /TP /analyze- /errorReport:prompt Control.cpp Engine.cpp
         Control.cpp
     1>c:\users\oran\desktop\consoleform\control.cpp(81): warning C4244: 'argument' : conversion from 'DWORD' to 'WORD', possible loss of data
         Generating Code...
         Skipping... (no relevant changes detected)
         Engine.cpp
       Link:
         C:\Program Files (x86)\Microsoft Visual Studio 12.0\VC\bin\link.exe /ERRORREPORT:PROMPT /OUT:"C:\Users\Oran\Desktop\ConsoleForm\Debug\ConsoleForm.exe" /INCREMENTAL /NOLOGO kernel32.lib user32.lib gdi32.lib winspool.lib comdlg32.lib advapi32.lib shell32.lib ole32.lib oleaut32.lib uuid.lib odbc32.lib odbccp32.lib /MANIFEST /MANIFESTUAC:"level='asInvoker' uiAccess='false'" /manifest:embed /DEBUG /PDB:"C:\Users\Oran\Desktop\ConsoleForm\Debug\ConsoleForm.pdb" /SUBSYSTEM:CONSOLE /TLBID:1 /DYNAMICBASE /NXCOMPAT /IMPLIB:"C:\Users\Oran\Desktop\ConsoleForm\Debug\ConsoleForm.lib" /MACHINE:X86 Debug\Control.obj
         Debug\Engine.obj
         Debug\Label.obj
         Debug\Main.obj
     1>Control.obj : error LNK2001: unresolved external symbol "protected: static class CONTROL * CONTROL::SOMETHING" (?SOMETHING@CONTROL@@1PAV1@A)
     1>C:\Users\Oran\Desktop\ConsoleForm\Debug\ConsoleForm.exe : fatal error LNK1120: 1 unresolved externals
     1>Done Building Project "C:\Users\Oran\Desktop\ConsoleForm\ConsoleForm.vcxproj" (Build target(s)) -- FAILED.

Build FAILED.

Time Elapsed 00:00:02.29
